2025-01-11T22:39:50.743-05:00  INFO 6284 --- [microservice-3] [main] [                                                 ] c.z.microservice3.Application            : Starting Application using Java 21.0.4 with PID 6284 (C:\Users\mitea\Desktop\basic-microservice\zpkin-project\microservice-3\target\classes started by mitea in C:\Users\mitea\Desktop\basic-microservice\zpkin-project)
2025-01-11T22:39:50.748-05:00  INFO 6284 --- [microservice-3] [main] [                                                 ] c.z.microservice3.Application            : No active profile set, falling back to 1 default profile: "default"
2025-01-11T22:39:53.635-05:00  INFO 6284 --- [microservice-3] [main] [                                                 ] o.s.b.w.embedded.tomcat.TomcatWebServer  : Tomcat initialized with port 8083 (http)
2025-01-11T22:39:53.664-05:00  INFO 6284 --- [microservice-3] [main] [                                                 ] o.apache.catalina.core.StandardService   : Starting service [Tomcat]
2025-01-11T22:39:53.664-05:00  INFO 6284 --- [microservice-3] [main] [                                                 ] o.apache.catalina.core.StandardEngine    : Starting Servlet engine: [Apache Tomcat/10.1.34]
2025-01-11T22:39:53.772-05:00  INFO 6284 --- [microservice-3] [main] [                                                 ] o.a.c.c.C.[Tomcat].[localhost].[/]       : Initializing Spring embedded WebApplicationContext
2025-01-11T22:39:53.773-05:00  INFO 6284 --- [microservice-3] [main] [                                                 ] w.s.c.ServletWebServerApplicationContext : Root WebApplicationContext: initialization completed in 2951 ms
2025-01-11T22:39:55.126-05:00  INFO 6284 --- [microservice-3] [main] [                                                 ] o.s.b.a.e.web.EndpointLinksResolver      : Exposing 1 endpoint beneath base path '/actuator'
2025-01-11T22:39:55.235-05:00  INFO 6284 --- [microservice-3] [main] [                                                 ] o.s.b.w.embedded.tomcat.TomcatWebServer  : Tomcat started on port 8083 (http) with context path '/'
2025-01-11T22:39:55.260-05:00  INFO 6284 --- [microservice-3] [main] [                                                 ] c.z.microservice3.Application            : Started Application in 5.32 seconds (process running for 6.198)
2025-01-11T22:40:44.396-05:00  INFO 6284 --- [microservice-3] [http-nio-8083-exec-2] [                                                 ] o.a.c.c.C.[Tomcat].[localhost].[/]       : Initializing Spring DispatcherServlet 'dispatcherServlet'
2025-01-11T22:40:44.397-05:00  INFO 6284 --- [microservice-3] [http-nio-8083-exec-2] [                                                 ] o.s.web.servlet.DispatcherServlet        : Initializing Servlet 'dispatcherServlet'
2025-01-11T22:40:44.398-05:00  INFO 6284 --- [microservice-3] [http-nio-8083-exec-2] [                                                 ] o.s.web.servlet.DispatcherServlet        : Completed initialization in 1 ms
2025-01-11T22:40:44.459-05:00  INFO 6284 --- [microservice-3] [http-nio-8083-exec-2] [678339bc71387c96b2c87f7890207df1-b2c87f7890207df1] c.z.m.controller.AppThreeRestController  : Inside microservice#3
2025-01-11T22:40:44.460-05:00  INFO 6284 --- [microservice-3] [http-nio-8083-exec-2] [678339bc71387c96b2c87f7890207df1-b2c87f7890207df1] c.z.m.controller.AppThreeRestController  : done with microservice#3 
2025-01-11T22:59:21.311-05:00  INFO 6284 --- [microservice-3] [SpringApplicationShutdownHook] [                                                 ] o.s.b.w.e.tomcat.GracefulShutdown        : Commencing graceful shutdown. Waiting for active requests to complete
2025-01-11T22:59:21.338-05:00  INFO 6284 --- [microservice-3] [tomcat-shutdown] [                                                 ] o.s.b.w.e.tomcat.GracefulShutdown        : Graceful shutdown complete
2025-01-11T22:59:25.564-05:00  INFO 6104 --- [microservice-3] [main] [                                                 ] c.z.microservice3.Application            : Starting Application using Java 21.0.4 with PID 6104 (C:\Users\mitea\Desktop\basic-microservice\zpkin-project\microservice-3\target\classes started by mitea in C:\Users\mitea\Desktop\basic-microservice\zpkin-project)
2025-01-11T22:59:25.570-05:00  INFO 6104 --- [microservice-3] [main] [                                                 ] c.z.microservice3.Application            : No active profile set, falling back to 1 default profile: "default"
2025-01-11T22:59:27.276-05:00  INFO 6104 --- [microservice-3] [main] [                                                 ] o.s.b.w.embedded.tomcat.TomcatWebServer  : Tomcat initialized with port 8083 (http)
2025-01-11T22:59:27.293-05:00  INFO 6104 --- [microservice-3] [main] [                                                 ] o.apache.catalina.core.StandardService   : Starting service [Tomcat]
2025-01-11T22:59:27.294-05:00  INFO 6104 --- [microservice-3] [main] [                                                 ] o.apache.catalina.core.StandardEngine    : Starting Servlet engine: [Apache Tomcat/10.1.34]
2025-01-11T22:59:27.342-05:00  INFO 6104 --- [microservice-3] [main] [                                                 ] o.a.c.c.C.[Tomcat].[localhost].[/]       : Initializing Spring embedded WebApplicationContext
2025-01-11T22:59:27.343-05:00  INFO 6104 --- [microservice-3] [main] [                                                 ] w.s.c.ServletWebServerApplicationContext : Root WebApplicationContext: initialization completed in 1701 ms
2025-01-11T22:59:28.278-05:00  INFO 6104 --- [microservice-3] [main] [                                                 ] o.s.b.a.e.web.EndpointLinksResolver      : Exposing 1 endpoint beneath base path '/actuator'
2025-01-11T22:59:28.348-05:00  INFO 6104 --- [microservice-3] [main] [                                                 ] o.s.b.w.embedded.tomcat.TomcatWebServer  : Tomcat started on port 8083 (http) with context path '/'
2025-01-11T22:59:28.364-05:00  INFO 6104 --- [microservice-3] [main] [                                                 ] c.z.microservice3.Application            : Started Application in 3.449 seconds (process running for 3.982)
2025-01-11T23:02:08.884-05:00  INFO 6104 --- [microservice-3] [SpringApplicationShutdownHook] [                                                 ] o.s.b.w.e.tomcat.GracefulShutdown        : Commencing graceful shutdown. Waiting for active requests to complete
2025-01-11T23:02:08.892-05:00  INFO 6104 --- [microservice-3] [tomcat-shutdown] [                                                 ] o.s.b.w.e.tomcat.GracefulShutdown        : Graceful shutdown complete
