2025-01-11T22:38:32.169-05:00  INFO 4376 --- [microservice-1] [main] [                                                 ] c.z.microservice1.Application            : Starting Application using Java 21.0.4 with PID 4376 (C:\Users\mitea\Desktop\basic-microservice\zpkin-project\microservice-1\target\classes started by mitea in C:\Users\mitea\Desktop\basic-microservice\zpkin-project)
2025-01-11T22:38:32.174-05:00  INFO 4376 --- [microservice-1] [main] [                                                 ] c.z.microservice1.Application            : No active profile set, falling back to 1 default profile: "default"
2025-01-11T22:38:34.113-05:00  INFO 4376 --- [microservice-1] [main] [                                                 ] o.s.b.w.embedded.tomcat.TomcatWebServer  : Tomcat initialized with port 8081 (http)
2025-01-11T22:38:34.128-05:00  INFO 4376 --- [microservice-1] [main] [                                                 ] o.apache.catalina.core.StandardService   : Starting service [Tomcat]
2025-01-11T22:38:34.129-05:00  INFO 4376 --- [microservice-1] [main] [                                                 ] o.apache.catalina.core.StandardEngine    : Starting Servlet engine: [Apache Tomcat/10.1.34]
2025-01-11T22:38:34.197-05:00  INFO 4376 --- [microservice-1] [main] [                                                 ] o.a.c.c.C.[Tomcat].[localhost].[/]       : Initializing Spring embedded WebApplicationContext
2025-01-11T22:38:34.197-05:00  INFO 4376 --- [microservice-1] [main] [                                                 ] w.s.c.ServletWebServerApplicationContext : Root WebApplicationContext: initialization completed in 1941 ms
2025-01-11T22:38:35.380-05:00  INFO 4376 --- [microservice-1] [main] [                                                 ] o.s.b.a.e.web.EndpointLinksResolver      : Exposing 1 endpoint beneath base path '/actuator'
2025-01-11T22:38:35.440-05:00  INFO 4376 --- [microservice-1] [main] [                                                 ] o.s.b.w.embedded.tomcat.TomcatWebServer  : Tomcat started on port 8081 (http) with context path '/'
2025-01-11T22:38:35.457-05:00  INFO 4376 --- [microservice-1] [main] [                                                 ] c.z.microservice1.Application            : Started Application in 4.065 seconds (process running for 4.612)
2025-01-11T22:40:44.010-05:00  INFO 4376 --- [microservice-1] [http-nio-8081-exec-3] [                                                 ] o.a.c.c.C.[Tomcat].[localhost].[/]       : Initializing Spring DispatcherServlet 'dispatcherServlet'
2025-01-11T22:40:44.011-05:00  INFO 4376 --- [microservice-1] [http-nio-8081-exec-3] [                                                 ] o.s.web.servlet.DispatcherServlet        : Initializing Servlet 'dispatcherServlet'
2025-01-11T22:40:44.013-05:00  INFO 4376 --- [microservice-1] [http-nio-8081-exec-3] [                                                 ] o.s.web.servlet.DispatcherServlet        : Completed initialization in 2 ms
2025-01-11T22:40:44.071-05:00  INFO 4376 --- [microservice-1] [http-nio-8081-exec-3] [678339bcb6027e0db9ebd38c63119d62-b9ebd38c63119d62] c.z.m.controller.AppOneRestController    : Inside microservice#1
2025-01-11T22:40:44.519-05:00  INFO 4376 --- [microservice-1] [http-nio-8081-exec-3] [678339bcb6027e0db9ebd38c63119d62-b9ebd38c63119d62] c.z.m.controller.AppOneRestController    : response by microservice#1 returning from microservice#2
2025-01-11T22:59:09.809-05:00  INFO 4376 --- [microservice-1] [SpringApplicationShutdownHook] [                                                 ] o.s.b.w.e.tomcat.GracefulShutdown        : Commencing graceful shutdown. Waiting for active requests to complete
2025-01-11T22:59:09.822-05:00  INFO 4376 --- [microservice-1] [tomcat-shutdown] [                                                 ] o.s.b.w.e.tomcat.GracefulShutdown        : Graceful shutdown complete
2025-01-11T22:59:15.406-05:00  INFO 19988 --- [microservice-1] [main] [                                                 ] c.z.microservice1.Application            : Starting Application using Java 21.0.4 with PID 19988 (C:\Users\mitea\Desktop\basic-microservice\zpkin-project\microservice-1\target\classes started by mitea in C:\Users\mitea\Desktop\basic-microservice\zpkin-project)
2025-01-11T22:59:15.410-05:00  INFO 19988 --- [microservice-1] [main] [                                                 ] c.z.microservice1.Application            : No active profile set, falling back to 1 default profile: "default"
2025-01-11T22:59:17.067-05:00  INFO 19988 --- [microservice-1] [main] [                                                 ] o.s.b.w.embedded.tomcat.TomcatWebServer  : Tomcat initialized with port 8081 (http)
2025-01-11T22:59:17.085-05:00  INFO 19988 --- [microservice-1] [main] [                                                 ] o.apache.catalina.core.StandardService   : Starting service [Tomcat]
2025-01-11T22:59:17.085-05:00  INFO 19988 --- [microservice-1] [main] [                                                 ] o.apache.catalina.core.StandardEngine    : Starting Servlet engine: [Apache Tomcat/10.1.34]
2025-01-11T22:59:17.163-05:00  INFO 19988 --- [microservice-1] [main] [                                                 ] o.a.c.c.C.[Tomcat].[localhost].[/]       : Initializing Spring embedded WebApplicationContext
2025-01-11T22:59:17.164-05:00  INFO 19988 --- [microservice-1] [main] [                                                 ] w.s.c.ServletWebServerApplicationContext : Root WebApplicationContext: initialization completed in 1688 ms
2025-01-11T22:59:18.237-05:00  INFO 19988 --- [microservice-1] [main] [                                                 ] o.s.b.a.e.web.EndpointLinksResolver      : Exposing 1 endpoint beneath base path '/actuator'
2025-01-11T22:59:18.334-05:00  INFO 19988 --- [microservice-1] [main] [                                                 ] o.s.b.w.embedded.tomcat.TomcatWebServer  : Tomcat started on port 8081 (http) with context path '/'
2025-01-11T22:59:18.367-05:00  INFO 19988 --- [microservice-1] [main] [                                                 ] c.z.microservice1.Application            : Started Application in 3.689 seconds (process running for 4.183)
2025-01-11T23:01:21.538-05:00  INFO 19988 --- [microservice-1] [SpringApplicationShutdownHook] [                                                 ] o.s.b.w.e.tomcat.GracefulShutdown        : Commencing graceful shutdown. Waiting for active requests to complete
2025-01-11T23:01:21.547-05:00  INFO 19988 --- [microservice-1] [tomcat-shutdown] [                                                 ] o.s.b.w.e.tomcat.GracefulShutdown        : Graceful shutdown complete
