2025-01-11T22:39:16.068-05:00  INFO 12888 --- [microservice-2] [main] [                                                 ] c.z.microservice2.Application            : Starting Application using Java 21.0.4 with PID 12888 (C:\Users\mitea\Desktop\basic-microservice\zpkin-project\microservice-2\target\classes started by mitea in C:\Users\mitea\Desktop\basic-microservice\zpkin-project)
2025-01-11T22:39:16.074-05:00  INFO 12888 --- [microservice-2] [main] [                                                 ] c.z.microservice2.Application            : No active profile set, falling back to 1 default profile: "default"
2025-01-11T22:39:18.399-05:00  INFO 12888 --- [microservice-2] [main] [                                                 ] o.s.b.w.embedded.tomcat.TomcatWebServer  : Tomcat initialized with port 8082 (http)
2025-01-11T22:39:18.431-05:00  INFO 12888 --- [microservice-2] [main] [                                                 ] o.apache.catalina.core.StandardService   : Starting service [Tomcat]
2025-01-11T22:39:18.432-05:00  INFO 12888 --- [microservice-2] [main] [                                                 ] o.apache.catalina.core.StandardEngine    : Starting Servlet engine: [Apache Tomcat/10.1.34]
2025-01-11T22:39:18.536-05:00  INFO 12888 --- [microservice-2] [main] [                                                 ] o.a.c.c.C.[Tomcat].[localhost].[/]       : Initializing Spring embedded WebApplicationContext
2025-01-11T22:39:18.537-05:00  INFO 12888 --- [microservice-2] [main] [                                                 ] w.s.c.ServletWebServerApplicationContext : Root WebApplicationContext: initialization completed in 2351 ms
2025-01-11T22:39:20.185-05:00  INFO 12888 --- [microservice-2] [main] [                                                 ] o.s.b.a.e.web.EndpointLinksResolver      : Exposing 1 endpoint beneath base path '/actuator'
2025-01-11T22:39:20.283-05:00  INFO 12888 --- [microservice-2] [main] [                                                 ] o.s.b.w.embedded.tomcat.TomcatWebServer  : Tomcat started on port 8082 (http) with context path '/'
2025-01-11T22:39:20.309-05:00  INFO 12888 --- [microservice-2] [main] [                                                 ] c.z.microservice2.Application            : Started Application in 5.325 seconds (process running for 6.274)
2025-01-11T22:40:44.216-05:00  INFO 12888 --- [microservice-2] [http-nio-8082-exec-1] [                                                 ] o.a.c.c.C.[Tomcat].[localhost].[/]       : Initializing Spring DispatcherServlet 'dispatcherServlet'
2025-01-11T22:40:44.216-05:00  INFO 12888 --- [microservice-2] [http-nio-8082-exec-1] [                                                 ] o.s.web.servlet.DispatcherServlet        : Initializing Servlet 'dispatcherServlet'
2025-01-11T22:40:44.218-05:00  INFO 12888 --- [microservice-2] [http-nio-8082-exec-1] [                                                 ] o.s.web.servlet.DispatcherServlet        : Completed initialization in 1 ms
2025-01-11T22:40:44.279-05:00  INFO 12888 --- [microservice-2] [http-nio-8082-exec-1] [678339bcebd4d07db3ca0c48f5260acc-b3ca0c48f5260acc] c.z.m.controller.AppTwoRestController    : Inside microservice#2
2025-01-11T22:40:44.492-05:00  INFO 12888 --- [microservice-2] [http-nio-8082-exec-1] [678339bcebd4d07db3ca0c48f5260acc-b3ca0c48f5260acc] c.z.m.controller.AppTwoRestController    : response by microservice#2 returning from microservice#3
2025-01-11T22:59:17.270-05:00  INFO 12888 --- [microservice-2] [SpringApplicationShutdownHook] [                                                 ] o.s.b.w.e.tomcat.GracefulShutdown        : Commencing graceful shutdown. Waiting for active requests to complete
2025-01-11T22:59:17.286-05:00  INFO 12888 --- [microservice-2] [tomcat-shutdown] [                                                 ] o.s.b.w.e.tomcat.GracefulShutdown        : Graceful shutdown complete
2025-01-11T22:59:20.801-05:00  INFO 2880 --- [microservice-2] [main] [                                                 ] c.z.microservice2.Application            : Starting Application using Java 21.0.4 with PID 2880 (C:\Users\mitea\Desktop\basic-microservice\zpkin-project\microservice-2\target\classes started by mitea in C:\Users\mitea\Desktop\basic-microservice\zpkin-project)
2025-01-11T22:59:20.807-05:00  INFO 2880 --- [microservice-2] [main] [                                                 ] c.z.microservice2.Application            : No active profile set, falling back to 1 default profile: "default"
2025-01-11T22:59:22.640-05:00  INFO 2880 --- [microservice-2] [main] [                                                 ] o.s.b.w.embedded.tomcat.TomcatWebServer  : Tomcat initialized with port 8082 (http)
2025-01-11T22:59:22.658-05:00  INFO 2880 --- [microservice-2] [main] [                                                 ] o.apache.catalina.core.StandardService   : Starting service [Tomcat]
2025-01-11T22:59:22.659-05:00  INFO 2880 --- [microservice-2] [main] [                                                 ] o.apache.catalina.core.StandardEngine    : Starting Servlet engine: [Apache Tomcat/10.1.34]
2025-01-11T22:59:22.777-05:00  INFO 2880 --- [microservice-2] [main] [                                                 ] o.a.c.c.C.[Tomcat].[localhost].[/]       : Initializing Spring embedded WebApplicationContext
2025-01-11T22:59:22.778-05:00  INFO 2880 --- [microservice-2] [main] [                                                 ] w.s.c.ServletWebServerApplicationContext : Root WebApplicationContext: initialization completed in 1904 ms
2025-01-11T22:59:24.183-05:00  INFO 2880 --- [microservice-2] [main] [                                                 ] o.s.b.a.e.web.EndpointLinksResolver      : Exposing 1 endpoint beneath base path '/actuator'
2025-01-11T22:59:24.273-05:00  INFO 2880 --- [microservice-2] [main] [                                                 ] o.s.b.w.embedded.tomcat.TomcatWebServer  : Tomcat started on port 8082 (http) with context path '/'
2025-01-11T22:59:24.345-05:00  INFO 2880 --- [microservice-2] [main] [                                                 ] c.z.microservice2.Application            : Started Application in 4.284 seconds (process running for 4.77)
2025-01-11T23:01:34.698-05:00  INFO 2880 --- [microservice-2] [SpringApplicationShutdownHook] [                                                 ] o.s.b.w.e.tomcat.GracefulShutdown        : Commencing graceful shutdown. Waiting for active requests to complete
2025-01-11T23:01:34.706-05:00  INFO 2880 --- [microservice-2] [tomcat-shutdown] [                                                 ] o.s.b.w.e.tomcat.GracefulShutdown        : Graceful shutdown complete
